<?xml version="1.0" encoding="UTF-8"?>
<!-- Generated by org.testng.reporters.JUnitReportReporter -->
<testsuite hostname="DESKTOP-HJ3FFIG" failures="0" tests="5" name="CalculatorTest" time="0.005" errors="0" timestamp="2022-11-02T13:06:30 TRT" skipped="0">
  <testcase classname="CalculatorTest" name="checkSquare" time="0.000"/>
  <system-out/>
  <testcase classname="CalculatorTest" name="checkDivide" time="0.005"/>
  <system-out/>
  <testcase classname="CalculatorTest" name="checkMinus" time="0.000"/>
  <system-out/>
  <testcase classname="CalculatorTest" name="checkMultiply" time="0.000"/>
  <system-out/>
  <testcase classname="CalculatorTest" name="checkPlus" time="0.000"/>
  <system-out/>
</testsuite> <!-- CalculatorTest -->
